<?xml version="1.0" encoding="UTF-8"?>
<!-- Generated by org.testng.reporters.JUnitXMLReporter -->
<testsuite ignored="0" hostname="SIXNS255" failures="1" tests="3" name="AlertsTests" time="40.165" errors="0" timestamp="19 Oct 2021 08:14:20 GMT">
  <testcase classname="com.herokuapp.theinternet.alertstests.AlertsTests" name="jsAlertTest" time="4.132">
    <failure type="java.lang.AssertionError" message="result is not expected. 
Should be &amp;apos;You successfuly clicked an alert&amp;apos;, but it is &amp;apos;You successfully clicked an alert&amp;apos; expected [true] but found [false]">
      <![CDATA[java.lang.AssertionError: result is not expected. 
Should be 'You successfuly clicked an alert', but it is 'You successfully clicked an alert' expected [true] but found [false]
at com.herokuapp.theinternet.alertstests.AlertsTests.jsAlertTest(AlertsTests.java:42)
... Removed 28 stack frames]]>
    </failure>
  </testcase> <!-- jsAlertTest -->
  <testcase classname="com.herokuapp.theinternet.alertstests.AlertsTests" name="jsDismissTest" time="3.898"/>
  <testcase classname="com.herokuapp.theinternet.alertstests.AlertsTests" name="jsPromptTest" time="5.093"/>
</testsuite> <!-- AlertsTests -->
